[debug] [2024-05-31T11:10:11.863Z] ----------------------------------------------------------------------
[debug] [2024-05-31T11:10:11.866Z] Command:       /opt/homebrew/Cellar/node/21.7.1/bin/node /opt/homebrew/bin/firebase emulators:start --only functions
[debug] [2024-05-31T11:10:11.866Z] CLI Version:   13.10.2
[debug] [2024-05-31T11:10:11.866Z] Platform:      darwin
[debug] [2024-05-31T11:10:11.866Z] Node Version:  v21.7.1
[debug] [2024-05-31T11:10:11.866Z] Time:          Fri May 31 2024 12:10:11 GMT+0100 (Western European Summer Time)
[debug] [2024-05-31T11:10:11.866Z] ----------------------------------------------------------------------
[debug] 
[debug] [2024-05-31T11:10:11.907Z] > command requires scopes: ["email","openid","https://www.googleapis.com/auth/cloudplatformprojects.readonly","https://www.googleapis.com/auth/firebase","https://www.googleapis.com/auth/cloud-platform"]
[debug] [2024-05-31T11:10:11.907Z] > authorizing via signed-in user (margosha130103@gmail.com)
[info] i  emulators: Starting emulators: functions {"metadata":{"emulator":{"name":"hub"},"message":"Starting emulators: functions"}}
[debug] [2024-05-31T11:10:12.414Z] [logging] Logging Emulator only supports listening on one address (127.0.0.1). Not listening on ::1
[warn] ⚠  ui: Emulator UI unable to start on port 4000, starting on 4001 instead. {"metadata":{"emulator":{"name":"ui"},"message":"Emulator UI unable to start on port 4000, starting on 4001 instead."}}
[debug] [2024-05-31T11:10:12.414Z] assigned listening specs for emulators {"user":{"hub":[{"address":"127.0.0.1","family":"IPv4","port":4400},{"address":"::1","family":"IPv6","port":4400}],"logging":[{"address":"127.0.0.1","family":"IPv4","port":4500}],"ui":[{"address":"127.0.0.1","family":"IPv4","port":4001},{"address":"::1","family":"IPv6","port":4001}]},"metadata":{"message":"assigned listening specs for emulators"}}
[debug] [2024-05-31T11:10:12.416Z] [hub] writing locator at /var/folders/0t/fcd19hqx4210dwsq59zhlhx80000gp/T/hub-cycle-bot-997b0.json
[debug] [2024-05-31T11:10:12.704Z] [functions] Functions Emulator only supports listening on one address (127.0.0.1). Not listening on ::1
[debug] [2024-05-31T11:10:12.704Z] [eventarc] Eventarc Emulator only supports listening on one address (127.0.0.1). Not listening on ::1
[debug] [2024-05-31T11:10:12.704Z] late-assigned ports for functions and eventarc emulators {"user":{"hub":[{"address":"127.0.0.1","family":"IPv4","port":4400},{"address":"::1","family":"IPv6","port":4400}],"logging":[{"address":"127.0.0.1","family":"IPv4","port":4500}],"ui":[{"address":"127.0.0.1","family":"IPv4","port":4001},{"address":"::1","family":"IPv6","port":4001}],"functions":[{"address":"127.0.0.1","family":"IPv4","port":5001}],"eventarc":[{"address":"127.0.0.1","family":"IPv4","port":9299}]},"metadata":{"message":"late-assigned ports for functions and eventarc emulators"}}
[warn] ⚠  functions: The following emulators are not running, calls to these services from the Functions emulator will affect production: auth, firestore, database, hosting, pubsub, storage, dataconnect {"metadata":{"emulator":{"name":"functions"},"message":"The following emulators are not running, calls to these services from the Functions emulator will affect production: \u001b[1mauth, firestore, database, hosting, pubsub, storage, dataconnect\u001b[22m"}}
[debug] [2024-05-31T11:10:12.705Z] defaultcredentials: writing to file /Users/marharyta.hrinchenko/.config/firebase/margosha130103_gmail_com_application_default_credentials.json
[debug] [2024-05-31T11:10:12.708Z] Setting GAC to /Users/marharyta.hrinchenko/.config/firebase/margosha130103_gmail_com_application_default_credentials.json {"metadata":{"emulator":{"name":"functions"},"message":"Setting GAC to /Users/marharyta.hrinchenko/.config/firebase/margosha130103_gmail_com_application_default_credentials.json"}}
[debug] [2024-05-31T11:10:12.709Z] >>> [apiv2][query] GET https://firebase.googleapis.com/v1beta1/projects/cycle-bot-997b0/adminSdkConfig [none]
[debug] [2024-05-31T11:10:13.468Z] <<< [apiv2][status] GET https://firebase.googleapis.com/v1beta1/projects/cycle-bot-997b0/adminSdkConfig 200
[debug] [2024-05-31T11:10:13.468Z] <<< [apiv2][body] GET https://firebase.googleapis.com/v1beta1/projects/cycle-bot-997b0/adminSdkConfig {"projectId":"cycle-bot-997b0","storageBucket":"cycle-bot-997b0.appspot.com"}
[debug] [2024-05-31T11:10:13.487Z] Ignoring unsupported arg: auto_download {"metadata":{"emulator":{"name":"ui"},"message":"Ignoring unsupported arg: auto_download"}}
[debug] [2024-05-31T11:10:13.487Z] Ignoring unsupported arg: port {"metadata":{"emulator":{"name":"ui"},"message":"Ignoring unsupported arg: port"}}
[debug] [2024-05-31T11:10:13.487Z] Starting Emulator UI with command {"binary":"node","args":["/Users/marharyta.hrinchenko/.cache/firebase/emulators/ui-v1.12.1/server/server.mjs"],"optionalArgs":[],"joinArgs":false,"shell":false} {"metadata":{"emulator":{"name":"ui"},"message":"Starting Emulator UI with command {\"binary\":\"node\",\"args\":[\"/Users/marharyta.hrinchenko/.cache/firebase/emulators/ui-v1.12.1/server/server.mjs\"],\"optionalArgs\":[],\"joinArgs\":false,\"shell\":false}"}}
[info] i  ui: Emulator UI logging to ui-debug.log {"metadata":{"emulator":{"name":"ui"},"message":"Emulator UI logging to \u001b[1mui-debug.log\u001b[22m"}}
[debug] [2024-05-31T11:10:13.608Z] Web / API server started at 127.0.0.1:4001
 {"metadata":{"emulator":{"name":"ui"},"message":"Web / API server started at 127.0.0.1:4001\n"}}
[debug] [2024-05-31T11:10:13.609Z] Web / API server started at ::1:4001
 {"metadata":{"emulator":{"name":"ui"},"message":"Web / API server started at ::1:4001\n"}}
[info] i  functions: Watching "/Users/marharyta.hrinchenko/Documents/cycle-bot" for Cloud Functions... {"metadata":{"emulator":{"name":"functions"},"message":"Watching \"/Users/marharyta.hrinchenko/Documents/cycle-bot\" for Cloud Functions..."}}
[debug] [2024-05-31T11:10:13.721Z] Validating nodejs source
[debug] [2024-05-31T11:10:14.735Z] > [functions] package.json contents: {
  "name": "functions",
  "description": "Cloud Functions for Firebase",
  "scripts": {
    "serve": "firebase emulators:start --only functions",
    "shell": "firebase functions:shell",
    "start": "npm run shell",
    "deploy": "firebase deploy --only functions",
    "logs": "firebase functions:log"
  },
  "engines": {
    "node": "18"
  },
  "main": "index.js",
  "type": "module",
  "dependencies": {
    "@grammyjs/hydrate": "^1.4.1",
    "dotenv": "^16.4.5",
    "firebase": "^10.12.2",
    "firebase-admin": "^12.1.0",
    "firebase-functions": "^5.0.0",
    "grammy": "^1.23.1",
    "nodemon": "^3.1.1"
  },
  "devDependencies": {
    "firebase-functions-test": "^3.1.0"
  }
}
[debug] [2024-05-31T11:10:14.736Z] Building nodejs source
[debug] [2024-05-31T11:10:14.736Z] Failed to find version of module node: reached end of search path /Users/marharyta.hrinchenko/Documents/cycle-bot/node_modules
[warn] ⚠  functions: Your requested "node" version "18" doesn't match your global version "21". Using node@21 from host. 
[info] i  functions: Loaded environment variables from .env. 
[debug] [2024-05-31T11:10:14.739Z] Could not find functions.yaml. Must use http discovery
[debug] [2024-05-31T11:10:14.743Z] Found firebase-functions binary at '/Users/marharyta.hrinchenko/Documents/cycle-bot/node_modules/.bin/firebase-functions'
[info] Serving at port 8286

[debug] [2024-05-31T11:10:15.145Z] Got response from /__/functions.yaml {"endpoints":{"startBot":{"platform":"gcfv1","availableMemoryMb":null,"timeoutSeconds":null,"minInstances":null,"maxInstances":null,"ingressSettings":null,"serviceAccountEmail":null,"vpc":null,"httpsTrigger":{},"entryPoint":"startBot"}},"specVersion":"v1alpha1","requiredAPIs":[]}
[error] (node:97216) [DEP0040] DeprecationWarning: The `punycode` module is deprecated. Please use a userland alternative instead.
(Use `node --trace-deprecation ...` to show where the warning was created)

[info] ✔  functions: Loaded functions definitions from source: startBot. {"metadata":{"emulator":{"name":"functions"},"message":"Loaded functions definitions from source: startBot."}}
[info] ✔  functions[us-central1-startBot]: http function initialized (http://127.0.0.1:5001/cycle-bot-997b0/us-central1/startBot). {"metadata":{"emulator":{"name":"functions"},"message":"\u001b[1mhttp\u001b[22m function initialized (http://127.0.0.1:5001/cycle-bot-997b0/us-central1/startBot)."}}
[info] 
┌─────────────────────────────────────────────────────────────┐
│ ✔  All emulators ready! It is now safe to connect your app. │
│ i  View Emulator UI at http://127.0.0.1:4001/               │
└─────────────────────────────────────────────────────────────┘

┌───────────┬────────────────┬─────────────────────────────────┐
│ Emulator  │ Host:Port      │ View in Emulator UI             │
├───────────┼────────────────┼─────────────────────────────────┤
│ Functions │ 127.0.0.1:5001 │ http://127.0.0.1:4001/functions │
└───────────┴────────────────┴─────────────────────────────────┘
  Emulator Hub running at 127.0.0.1:4400
  Other reserved ports: 4500

Issues? Report them at https://github.com/firebase/firebase-tools/issues and attach the *-debug.log files.
 
[debug] [2024-05-31T11:11:46.064Z] [work-queue] {"queuedWork":["/cycle-bot-997b0/us-central1/startBot-2024-05-31T11:11:46.063Z"],"queueLength":1,"runningWork":[],"workRunningCount":0}
[debug] [2024-05-31T11:11:46.071Z] [work-queue] {"queuedWork":[],"queueLength":0,"runningWork":["/cycle-bot-997b0/us-central1/startBot-2024-05-31T11:11:46.063Z"],"workRunningCount":1}
[debug] [2024-05-31T11:11:46.073Z] Accepted request POST /cycle-bot-997b0/us-central1/startBot --> us-central1-startBot
[debug] [2024-05-31T11:11:46.076Z] [functions] Runtime ready! Sending request! {"metadata":{"emulator":{"name":"functions"},"message":"[functions] Runtime ready! Sending request!"}}
[debug] [2024-05-31T11:11:46.079Z] [functions] Got req.url=/cycle-bot-997b0/us-central1/startBot, mapping to path=/ {"metadata":{"emulator":{"name":"functions"},"message":"[functions] Got req.url=/cycle-bot-997b0/us-central1/startBot, mapping to path=/"}}
[info] i  functions: Loaded environment variables from .env. 
[debug] [2024-05-31T11:11:46.087Z] [worker-pool] addWorker(us-central1-startBot) {"metadata":{"emulator":{"name":"functions"},"message":"[worker-pool] addWorker(us-central1-startBot)"}}
[debug] [2024-05-31T11:11:46.088Z] [worker-pool] Adding worker with key us-central1-startBot, total=1 {"metadata":{"emulator":{"name":"functions"},"message":"[worker-pool] Adding worker with key us-central1-startBot, total=1"}}
[info] >  (node:97642) [DEP0040] DeprecationWarning: The `punycode` module is deprecated. Please use a userland alternative instead. {"user":"(node:97642) [DEP0040] DeprecationWarning: The `punycode` module is deprecated. Please use a userland alternative instead.","metadata":{"emulator":{"name":"functions"},"function":{"name":"us-central1-startBot"},"extension":{},"message":"\u001b[90m> \u001b[39m (node:97642) [DEP0040] DeprecationWarning: The `punycode` module is deprecated. Please use a userland alternative instead."}}
[info] >  (Use `node --trace-deprecation ...` to show where the warning was created) {"user":"(Use `node --trace-deprecation ...` to show where the warning was created)","metadata":{"emulator":{"name":"functions"},"function":{"name":"us-central1-startBot"},"extension":{},"message":"\u001b[90m> \u001b[39m (Use `node --trace-deprecation ...` to show where the warning was created)"}}
[debug] [2024-05-31T11:11:46.984Z] [runtime-status] [97642] Resolved module firebase-admin {"declared":true,"installed":true,"version":"12.1.1","resolution":"/Users/marharyta.hrinchenko/Documents/cycle-bot/node_modules/firebase-admin/lib/index.js"} {"metadata":{"emulator":{"name":"functions"},"function":{"name":"us-central1-startBot"},"extension":{},"message":"[runtime-status] [97642] Resolved module firebase-admin {\"declared\":true,\"installed\":true,\"version\":\"12.1.1\",\"resolution\":\"/Users/marharyta.hrinchenko/Documents/cycle-bot/node_modules/firebase-admin/lib/index.js\"}"}}
[debug] [2024-05-31T11:11:46.984Z] [runtime-status] [97642] Resolved module firebase-functions {"declared":true,"installed":true,"version":"5.0.1","resolution":"/Users/marharyta.hrinchenko/Documents/cycle-bot/node_modules/firebase-functions/lib/v1/index.js"} {"metadata":{"emulator":{"name":"functions"},"function":{"name":"us-central1-startBot"},"extension":{},"message":"[runtime-status] [97642] Resolved module firebase-functions {\"declared\":true,\"installed\":true,\"version\":\"5.0.1\",\"resolution\":\"/Users/marharyta.hrinchenko/Documents/cycle-bot/node_modules/firebase-functions/lib/v1/index.js\"}"}}
[debug] [2024-05-31T11:11:46.985Z] [runtime-status] [97642] Outgoing network have been stubbed. [{"name":"http","status":"mocked"},{"name":"http","status":"mocked"},{"name":"https","status":"mocked"},{"name":"https","status":"mocked"},{"name":"net","status":"mocked"}] {"metadata":{"emulator":{"name":"functions"},"function":{"name":"us-central1-startBot"},"extension":{},"message":"[runtime-status] [97642] Outgoing network have been stubbed. [{\"name\":\"http\",\"status\":\"mocked\"},{\"name\":\"http\",\"status\":\"mocked\"},{\"name\":\"https\",\"status\":\"mocked\"},{\"name\":\"https\",\"status\":\"mocked\"},{\"name\":\"net\",\"status\":\"mocked\"}]"}}
[debug] [2024-05-31T11:11:46.985Z] [runtime-status] [97642] Resolved module firebase-functions {"declared":true,"installed":true,"version":"5.0.1","resolution":"/Users/marharyta.hrinchenko/Documents/cycle-bot/node_modules/firebase-functions/lib/v1/index.js"} {"metadata":{"emulator":{"name":"functions"},"function":{"name":"us-central1-startBot"},"extension":{},"message":"[runtime-status] [97642] Resolved module firebase-functions {\"declared\":true,\"installed\":true,\"version\":\"5.0.1\",\"resolution\":\"/Users/marharyta.hrinchenko/Documents/cycle-bot/node_modules/firebase-functions/lib/v1/index.js\"}"}}
[debug] [2024-05-31T11:11:47.167Z] [runtime-status] [97642] Checked functions.config() {"config":{}} {"metadata":{"emulator":{"name":"functions"},"function":{"name":"us-central1-startBot"},"extension":{},"message":"[runtime-status] [97642] Checked functions.config() {\"config\":{}}"}}
[debug] [2024-05-31T11:11:47.167Z] [runtime-status] [97642] firebase-functions has been stubbed. {"functionsResolution":{"declared":true,"installed":true,"version":"5.0.1","resolution":"/Users/marharyta.hrinchenko/Documents/cycle-bot/node_modules/firebase-functions/lib/v1/index.js"}} {"metadata":{"emulator":{"name":"functions"},"function":{"name":"us-central1-startBot"},"extension":{},"message":"[runtime-status] [97642] firebase-functions has been stubbed. {\"functionsResolution\":{\"declared\":true,\"installed\":true,\"version\":\"5.0.1\",\"resolution\":\"/Users/marharyta.hrinchenko/Documents/cycle-bot/node_modules/firebase-functions/lib/v1/index.js\"}}"}}
[debug] [2024-05-31T11:11:47.167Z] [runtime-status] [97642] Resolved module firebase-functions {"declared":true,"installed":true,"version":"5.0.1","resolution":"/Users/marharyta.hrinchenko/Documents/cycle-bot/node_modules/firebase-functions/lib/v1/index.js"} {"metadata":{"emulator":{"name":"functions"},"function":{"name":"us-central1-startBot"},"extension":{},"message":"[runtime-status] [97642] Resolved module firebase-functions {\"declared\":true,\"installed\":true,\"version\":\"5.0.1\",\"resolution\":\"/Users/marharyta.hrinchenko/Documents/cycle-bot/node_modules/firebase-functions/lib/v1/index.js\"}"}}
[debug] [2024-05-31T11:11:47.167Z] [runtime-status] [97642] Resolved module firebase-admin {"declared":true,"installed":true,"version":"12.1.1","resolution":"/Users/marharyta.hrinchenko/Documents/cycle-bot/node_modules/firebase-admin/lib/index.js"} {"metadata":{"emulator":{"name":"functions"},"function":{"name":"us-central1-startBot"},"extension":{},"message":"[runtime-status] [97642] Resolved module firebase-admin {\"declared\":true,\"installed\":true,\"version\":\"12.1.1\",\"resolution\":\"/Users/marharyta.hrinchenko/Documents/cycle-bot/node_modules/firebase-admin/lib/index.js\"}"}}
[debug] [2024-05-31T11:11:47.169Z] [runtime-status] [97642] Resolved module firebase-functions {"declared":true,"installed":true,"version":"5.0.1","resolution":"/Users/marharyta.hrinchenko/Documents/cycle-bot/node_modules/firebase-functions/lib/v1/index.js"} {"metadata":{"emulator":{"name":"functions"},"function":{"name":"us-central1-startBot"},"extension":{},"message":"[runtime-status] [97642] Resolved module firebase-functions {\"declared\":true,\"installed\":true,\"version\":\"5.0.1\",\"resolution\":\"/Users/marharyta.hrinchenko/Documents/cycle-bot/node_modules/firebase-functions/lib/v1/index.js\"}"}}
[debug] [2024-05-31T11:11:47.169Z] [runtime-status] [97642] firebase-admin has been stubbed. {"adminResolution":{"declared":true,"installed":true,"version":"12.1.1","resolution":"/Users/marharyta.hrinchenko/Documents/cycle-bot/node_modules/firebase-admin/lib/index.js"}} {"metadata":{"emulator":{"name":"functions"},"function":{"name":"us-central1-startBot"},"extension":{},"message":"[runtime-status] [97642] firebase-admin has been stubbed. {\"adminResolution\":{\"declared\":true,\"installed\":true,\"version\":\"12.1.1\",\"resolution\":\"/Users/marharyta.hrinchenko/Documents/cycle-bot/node_modules/firebase-admin/lib/index.js\"}}"}}
[debug] [2024-05-31T11:11:47.287Z] [runtime-status] [97642] Functions runtime initialized. {"cwd":"/Users/marharyta.hrinchenko/Documents/cycle-bot","node_version":"21.7.1"} {"metadata":{"emulator":{"name":"functions"},"function":{"name":"us-central1-startBot"},"extension":{},"message":"[runtime-status] [97642] Functions runtime initialized. {\"cwd\":\"/Users/marharyta.hrinchenko/Documents/cycle-bot\",\"node_version\":\"21.7.1\"}"}}
[debug] [2024-05-31T11:11:47.287Z] [runtime-status] [97642] Listening to port: /var/folders/0t/fcd19hqx4210dwsq59zhlhx80000gp/T/fire_emu_5f3f272eca23bfd8.sock {"metadata":{"emulator":{"name":"functions"},"function":{"name":"us-central1-startBot"},"extension":{},"message":"[runtime-status] [97642] Listening to port: /var/folders/0t/fcd19hqx4210dwsq59zhlhx80000gp/T/fire_emu_5f3f272eca23bfd8.sock"}}
[debug] [2024-05-31T11:11:47.315Z] [worker-us-central1-startBot-4d3bad97-e684-4924-86a1-65126c7ac490]: IDLE {"metadata":{"emulator":{"name":"functions"},"function":{"name":"us-central1-startBot"},"extension":{},"message":"[worker-us-central1-startBot-4d3bad97-e684-4924-86a1-65126c7ac490]: IDLE"}}
[debug] [2024-05-31T11:11:47.316Z] [worker-pool] submitRequest(triggerId=us-central1-startBot) {"metadata":{"emulator":{"name":"functions"},"message":"[worker-pool] submitRequest(triggerId=us-central1-startBot)"}}
[info] i  functions: Beginning execution of "us-central1-startBot" {"metadata":{"emulator":{"name":"functions"},"function":{"name":"us-central1-startBot"},"extension":{},"message":"Beginning execution of \"us-central1-startBot\""}}
[debug] [2024-05-31T11:11:47.316Z] [worker-us-central1-startBot-4d3bad97-e684-4924-86a1-65126c7ac490]: BUSY {"metadata":{"emulator":{"name":"functions"},"function":{"name":"us-central1-startBot"},"extension":{},"message":"[worker-us-central1-startBot-4d3bad97-e684-4924-86a1-65126c7ac490]: BUSY"}}
[warn] ⚠  External network resource requested!
   - URL: "https://api.telegram.org/bot7471653990:AAEJex2kAZD7_B58-l2sH6LxLux3tjPufUI/getMe"
 - Be careful, this may be a production service. {"metadata":{"emulator":{"name":"functions"},"function":{"name":"us-central1-startBot"},"extension":{},"message":"External network resource requested!\n   - URL: \"https://api.telegram.org/bot7471653990:AAEJex2kAZD7_B58-l2sH6LxLux3tjPufUI/getMe\"\n - Be careful, this may be a production service."}}
[warn] ⚠  External network resource requested!
   - URL: "https://api.telegram.org/bot7471653990:AAEJex2kAZD7_B58-l2sH6LxLux3tjPufUI/sendMessage"
 - Be careful, this may be a production service. {"metadata":{"emulator":{"name":"functions"},"function":{"name":"us-central1-startBot"},"extension":{},"message":"External network resource requested!\n   - URL: \"https://api.telegram.org/bot7471653990:AAEJex2kAZD7_B58-l2sH6LxLux3tjPufUI/sendMessage\"\n - Be careful, this may be a production service."}}
[debug] [2024-05-31T11:11:48.182Z] Finishing up request with event=pause {"metadata":{"emulator":{"name":"functions"},"function":{"name":"us-central1-startBot"},"extension":{},"message":"Finishing up request with event=pause"}}
[info] i  functions: Finished "us-central1-startBot" in 865.935417ms {"metadata":{"emulator":{"name":"functions"},"function":{"name":"us-central1-startBot"},"extension":{},"message":"Finished \"us-central1-startBot\" in 865.935417ms"}}
[debug] [2024-05-31T11:11:48.184Z] [worker-us-central1-startBot-4d3bad97-e684-4924-86a1-65126c7ac490]: IDLE {"metadata":{"emulator":{"name":"functions"},"function":{"name":"us-central1-startBot"},"extension":{},"message":"[worker-us-central1-startBot-4d3bad97-e684-4924-86a1-65126c7ac490]: IDLE"}}
[debug] [2024-05-31T11:11:48.184Z] Finishing up request with event=finish {"metadata":{"emulator":{"name":"functions"},"function":{"name":"us-central1-startBot"},"extension":{},"message":"Finishing up request with event=finish"}}
[debug] [2024-05-31T11:11:48.184Z] Finishing up request with event=close {"metadata":{"emulator":{"name":"functions"},"function":{"name":"us-central1-startBot"},"extension":{},"message":"Finishing up request with event=close"}}
[debug] [2024-05-31T11:11:48.184Z] [work-queue] {"queuedWork":[],"queueLength":0,"runningWork":[],"workRunningCount":0}
[debug] [2024-05-31T11:11:48.348Z] [work-queue] {"queuedWork":["/cycle-bot-997b0/us-central1/startBot-2024-05-31T11:11:48.348Z"],"queueLength":1,"runningWork":[],"workRunningCount":0}
[debug] [2024-05-31T11:11:48.348Z] [work-queue] {"queuedWork":[],"queueLength":0,"runningWork":["/cycle-bot-997b0/us-central1/startBot-2024-05-31T11:11:48.348Z"],"workRunningCount":1}
[debug] [2024-05-31T11:11:48.348Z] Accepted request POST /cycle-bot-997b0/us-central1/startBot --> us-central1-startBot
[debug] [2024-05-31T11:11:48.349Z] [functions] Runtime ready! Sending request! {"metadata":{"emulator":{"name":"functions"},"message":"[functions] Runtime ready! Sending request!"}}
[debug] [2024-05-31T11:11:48.349Z] [functions] Got req.url=/cycle-bot-997b0/us-central1/startBot, mapping to path=/ {"metadata":{"emulator":{"name":"functions"},"message":"[functions] Got req.url=/cycle-bot-997b0/us-central1/startBot, mapping to path=/"}}
[debug] [2024-05-31T11:11:48.349Z] [worker-pool] submitRequest(triggerId=us-central1-startBot) {"metadata":{"emulator":{"name":"functions"},"message":"[worker-pool] submitRequest(triggerId=us-central1-startBot)"}}
[info] i  functions: Beginning execution of "us-central1-startBot" {"metadata":{"emulator":{"name":"functions"},"function":{"name":"us-central1-startBot"},"extension":{},"message":"Beginning execution of \"us-central1-startBot\""}}
[debug] [2024-05-31T11:11:48.350Z] [worker-us-central1-startBot-4d3bad97-e684-4924-86a1-65126c7ac490]: BUSY {"metadata":{"emulator":{"name":"functions"},"function":{"name":"us-central1-startBot"},"extension":{},"message":"[worker-us-central1-startBot-4d3bad97-e684-4924-86a1-65126c7ac490]: BUSY"}}
[debug] [2024-05-31T11:11:48.573Z] Finishing up request with event=pause {"metadata":{"emulator":{"name":"functions"},"function":{"name":"us-central1-startBot"},"extension":{},"message":"Finishing up request with event=pause"}}
[info] i  functions: Finished "us-central1-startBot" in 223.227208ms {"metadata":{"emulator":{"name":"functions"},"function":{"name":"us-central1-startBot"},"extension":{},"message":"Finished \"us-central1-startBot\" in 223.227208ms"}}
[debug] [2024-05-31T11:11:48.573Z] [worker-us-central1-startBot-4d3bad97-e684-4924-86a1-65126c7ac490]: IDLE {"metadata":{"emulator":{"name":"functions"},"function":{"name":"us-central1-startBot"},"extension":{},"message":"[worker-us-central1-startBot-4d3bad97-e684-4924-86a1-65126c7ac490]: IDLE"}}
[debug] [2024-05-31T11:11:48.573Z] Finishing up request with event=finish {"metadata":{"emulator":{"name":"functions"},"function":{"name":"us-central1-startBot"},"extension":{},"message":"Finishing up request with event=finish"}}
[debug] [2024-05-31T11:11:48.573Z] Finishing up request with event=close {"metadata":{"emulator":{"name":"functions"},"function":{"name":"us-central1-startBot"},"extension":{},"message":"Finishing up request with event=close"}}
[debug] [2024-05-31T11:11:48.573Z] [work-queue] {"queuedWork":[],"queueLength":0,"runningWork":[],"workRunningCount":0}
[debug] [2024-05-31T11:12:00.692Z] [work-queue] {"queuedWork":["/cycle-bot-997b0/us-central1/startBot-2024-05-31T11:12:00.692Z"],"queueLength":1,"runningWork":[],"workRunningCount":0}
[debug] [2024-05-31T11:12:00.693Z] [work-queue] {"queuedWork":[],"queueLength":0,"runningWork":["/cycle-bot-997b0/us-central1/startBot-2024-05-31T11:12:00.692Z"],"workRunningCount":1}
[debug] [2024-05-31T11:12:00.694Z] Accepted request POST /cycle-bot-997b0/us-central1/startBot --> us-central1-startBot
[debug] [2024-05-31T11:12:00.695Z] [functions] Runtime ready! Sending request! {"metadata":{"emulator":{"name":"functions"},"message":"[functions] Runtime ready! Sending request!"}}
[debug] [2024-05-31T11:12:00.695Z] [functions] Got req.url=/cycle-bot-997b0/us-central1/startBot, mapping to path=/ {"metadata":{"emulator":{"name":"functions"},"message":"[functions] Got req.url=/cycle-bot-997b0/us-central1/startBot, mapping to path=/"}}
[debug] [2024-05-31T11:12:00.696Z] [worker-pool] submitRequest(triggerId=us-central1-startBot) {"metadata":{"emulator":{"name":"functions"},"message":"[worker-pool] submitRequest(triggerId=us-central1-startBot)"}}
[info] i  functions: Beginning execution of "us-central1-startBot" {"metadata":{"emulator":{"name":"functions"},"function":{"name":"us-central1-startBot"},"extension":{},"message":"Beginning execution of \"us-central1-startBot\""}}
[debug] [2024-05-31T11:12:00.697Z] [worker-us-central1-startBot-4d3bad97-e684-4924-86a1-65126c7ac490]: BUSY {"metadata":{"emulator":{"name":"functions"},"function":{"name":"us-central1-startBot"},"extension":{},"message":"[worker-us-central1-startBot-4d3bad97-e684-4924-86a1-65126c7ac490]: BUSY"}}
[debug] [2024-05-31T11:12:01.013Z] Finishing up request with event=pause {"metadata":{"emulator":{"name":"functions"},"function":{"name":"us-central1-startBot"},"extension":{},"message":"Finishing up request with event=pause"}}
[info] i  functions: Finished "us-central1-startBot" in 316.334375ms {"metadata":{"emulator":{"name":"functions"},"function":{"name":"us-central1-startBot"},"extension":{},"message":"Finished \"us-central1-startBot\" in 316.334375ms"}}
[debug] [2024-05-31T11:12:01.013Z] [worker-us-central1-startBot-4d3bad97-e684-4924-86a1-65126c7ac490]: IDLE {"metadata":{"emulator":{"name":"functions"},"function":{"name":"us-central1-startBot"},"extension":{},"message":"[worker-us-central1-startBot-4d3bad97-e684-4924-86a1-65126c7ac490]: IDLE"}}
[debug] [2024-05-31T11:12:01.014Z] Finishing up request with event=finish {"metadata":{"emulator":{"name":"functions"},"function":{"name":"us-central1-startBot"},"extension":{},"message":"Finishing up request with event=finish"}}
[debug] [2024-05-31T11:12:01.014Z] Finishing up request with event=close {"metadata":{"emulator":{"name":"functions"},"function":{"name":"us-central1-startBot"},"extension":{},"message":"Finishing up request with event=close"}}
[debug] [2024-05-31T11:12:01.014Z] [work-queue] {"queuedWork":[],"queueLength":0,"runningWork":[],"workRunningCount":0}
[debug] [2024-05-31T11:12:03.021Z] [work-queue] {"queuedWork":["/cycle-bot-997b0/us-central1/startBot-2024-05-31T11:12:03.021Z"],"queueLength":1,"runningWork":[],"workRunningCount":0}
[debug] [2024-05-31T11:12:03.021Z] [work-queue] {"queuedWork":[],"queueLength":0,"runningWork":["/cycle-bot-997b0/us-central1/startBot-2024-05-31T11:12:03.021Z"],"workRunningCount":1}
[debug] [2024-05-31T11:12:03.021Z] Accepted request POST /cycle-bot-997b0/us-central1/startBot --> us-central1-startBot
[debug] [2024-05-31T11:12:03.022Z] [functions] Runtime ready! Sending request! {"metadata":{"emulator":{"name":"functions"},"message":"[functions] Runtime ready! Sending request!"}}
[debug] [2024-05-31T11:12:03.022Z] [functions] Got req.url=/cycle-bot-997b0/us-central1/startBot, mapping to path=/ {"metadata":{"emulator":{"name":"functions"},"message":"[functions] Got req.url=/cycle-bot-997b0/us-central1/startBot, mapping to path=/"}}
[debug] [2024-05-31T11:12:03.022Z] [worker-pool] submitRequest(triggerId=us-central1-startBot) {"metadata":{"emulator":{"name":"functions"},"message":"[worker-pool] submitRequest(triggerId=us-central1-startBot)"}}
[info] i  functions: Beginning execution of "us-central1-startBot" {"metadata":{"emulator":{"name":"functions"},"function":{"name":"us-central1-startBot"},"extension":{},"message":"Beginning execution of \"us-central1-startBot\""}}
[debug] [2024-05-31T11:12:03.022Z] [worker-us-central1-startBot-4d3bad97-e684-4924-86a1-65126c7ac490]: BUSY {"metadata":{"emulator":{"name":"functions"},"function":{"name":"us-central1-startBot"},"extension":{},"message":"[worker-us-central1-startBot-4d3bad97-e684-4924-86a1-65126c7ac490]: BUSY"}}
[info] >  userData undefined {"user":"userData undefined","metadata":{"emulator":{"name":"functions"},"function":{"name":"us-central1-startBot"},"extension":{},"message":"\u001b[90m> \u001b[39m userData undefined"}}
[warn] ⚠  External network resource requested!
   - URL: "https://api.telegram.org/bot7471653990:AAEJex2kAZD7_B58-l2sH6LxLux3tjPufUI/editMessageText"
 - Be careful, this may be a production service. {"metadata":{"emulator":{"name":"functions"},"function":{"name":"us-central1-startBot"},"extension":{},"message":"External network resource requested!\n   - URL: \"https://api.telegram.org/bot7471653990:AAEJex2kAZD7_B58-l2sH6LxLux3tjPufUI/editMessageText\"\n - Be careful, this may be a production service."}}
[warn] ⚠  External network resource requested!
   - URL: "https://api.telegram.org/bot7471653990:AAEJex2kAZD7_B58-l2sH6LxLux3tjPufUI/answerCallbackQuery"
 - Be careful, this may be a production service. {"metadata":{"emulator":{"name":"functions"},"function":{"name":"us-central1-startBot"},"extension":{},"message":"External network resource requested!\n   - URL: \"https://api.telegram.org/bot7471653990:AAEJex2kAZD7_B58-l2sH6LxLux3tjPufUI/answerCallbackQuery\"\n - Be careful, this may be a production service."}}
[debug] [2024-05-31T11:12:05.626Z] Finishing up request with event=pause {"metadata":{"emulator":{"name":"functions"},"function":{"name":"us-central1-startBot"},"extension":{},"message":"Finishing up request with event=pause"}}
[info] i  functions: Finished "us-central1-startBot" in 2604.523458ms {"metadata":{"emulator":{"name":"functions"},"function":{"name":"us-central1-startBot"},"extension":{},"message":"Finished \"us-central1-startBot\" in 2604.523458ms"}}
[debug] [2024-05-31T11:12:05.627Z] [worker-us-central1-startBot-4d3bad97-e684-4924-86a1-65126c7ac490]: IDLE {"metadata":{"emulator":{"name":"functions"},"function":{"name":"us-central1-startBot"},"extension":{},"message":"[worker-us-central1-startBot-4d3bad97-e684-4924-86a1-65126c7ac490]: IDLE"}}
[debug] [2024-05-31T11:12:05.627Z] Finishing up request with event=finish {"metadata":{"emulator":{"name":"functions"},"function":{"name":"us-central1-startBot"},"extension":{},"message":"Finishing up request with event=finish"}}
[debug] [2024-05-31T11:12:05.627Z] Finishing up request with event=close {"metadata":{"emulator":{"name":"functions"},"function":{"name":"us-central1-startBot"},"extension":{},"message":"Finishing up request with event=close"}}
[debug] [2024-05-31T11:12:05.628Z] [work-queue] {"queuedWork":[],"queueLength":0,"runningWork":[],"workRunningCount":0}
[debug] [2024-05-31T11:12:07.521Z] [work-queue] {"queuedWork":["/cycle-bot-997b0/us-central1/startBot-2024-05-31T11:12:07.521Z"],"queueLength":1,"runningWork":[],"workRunningCount":0}
[debug] [2024-05-31T11:12:07.522Z] [work-queue] {"queuedWork":[],"queueLength":0,"runningWork":["/cycle-bot-997b0/us-central1/startBot-2024-05-31T11:12:07.521Z"],"workRunningCount":1}
[debug] [2024-05-31T11:12:07.522Z] Accepted request POST /cycle-bot-997b0/us-central1/startBot --> us-central1-startBot
[debug] [2024-05-31T11:12:07.522Z] [functions] Runtime ready! Sending request! {"metadata":{"emulator":{"name":"functions"},"message":"[functions] Runtime ready! Sending request!"}}
[debug] [2024-05-31T11:12:07.522Z] [functions] Got req.url=/cycle-bot-997b0/us-central1/startBot, mapping to path=/ {"metadata":{"emulator":{"name":"functions"},"message":"[functions] Got req.url=/cycle-bot-997b0/us-central1/startBot, mapping to path=/"}}
[debug] [2024-05-31T11:12:07.522Z] [worker-pool] submitRequest(triggerId=us-central1-startBot) {"metadata":{"emulator":{"name":"functions"},"message":"[worker-pool] submitRequest(triggerId=us-central1-startBot)"}}
[info] i  functions: Beginning execution of "us-central1-startBot" {"metadata":{"emulator":{"name":"functions"},"function":{"name":"us-central1-startBot"},"extension":{},"message":"Beginning execution of \"us-central1-startBot\""}}
[debug] [2024-05-31T11:12:07.523Z] [worker-us-central1-startBot-4d3bad97-e684-4924-86a1-65126c7ac490]: BUSY {"metadata":{"emulator":{"name":"functions"},"function":{"name":"us-central1-startBot"},"extension":{},"message":"[worker-us-central1-startBot-4d3bad97-e684-4924-86a1-65126c7ac490]: BUSY"}}
[debug] [2024-05-31T11:12:08.166Z] Finishing up request with event=pause {"metadata":{"emulator":{"name":"functions"},"function":{"name":"us-central1-startBot"},"extension":{},"message":"Finishing up request with event=pause"}}
[info] i  functions: Finished "us-central1-startBot" in 643.569125ms {"metadata":{"emulator":{"name":"functions"},"function":{"name":"us-central1-startBot"},"extension":{},"message":"Finished \"us-central1-startBot\" in 643.569125ms"}}
[debug] [2024-05-31T11:12:08.167Z] [worker-us-central1-startBot-4d3bad97-e684-4924-86a1-65126c7ac490]: IDLE {"metadata":{"emulator":{"name":"functions"},"function":{"name":"us-central1-startBot"},"extension":{},"message":"[worker-us-central1-startBot-4d3bad97-e684-4924-86a1-65126c7ac490]: IDLE"}}
[debug] [2024-05-31T11:12:08.170Z] Finishing up request with event=finish {"metadata":{"emulator":{"name":"functions"},"function":{"name":"us-central1-startBot"},"extension":{},"message":"Finishing up request with event=finish"}}
[debug] [2024-05-31T11:12:08.170Z] Finishing up request with event=close {"metadata":{"emulator":{"name":"functions"},"function":{"name":"us-central1-startBot"},"extension":{},"message":"Finishing up request with event=close"}}
[debug] [2024-05-31T11:12:08.171Z] [work-queue] {"queuedWork":[],"queueLength":0,"runningWork":[],"workRunningCount":0}
[debug] [2024-05-31T11:12:20.724Z] File /Users/marharyta.hrinchenko/Documents/cycle-bot/firebase-functions.md changed, reloading triggers {"metadata":{"emulator":{"name":"functions"},"message":"File /Users/marharyta.hrinchenko/Documents/cycle-bot/firebase-functions.md changed, reloading triggers"}}
[debug] [2024-05-31T11:12:21.727Z] Validating nodejs source
[debug] [2024-05-31T11:12:23.186Z] > [functions] package.json contents: {
  "name": "functions",
  "description": "Cloud Functions for Firebase",
  "scripts": {
    "serve": "firebase emulators:start --only functions",
    "shell": "firebase functions:shell",
    "start": "npm run shell",
    "deploy": "firebase deploy --only functions",
    "logs": "firebase functions:log"
  },
  "engines": {
    "node": "18"
  },
  "main": "index.js",
  "type": "module",
  "dependencies": {
    "@grammyjs/hydrate": "^1.4.1",
    "dotenv": "^16.4.5",
    "firebase": "^10.12.2",
    "firebase-admin": "^12.1.0",
    "firebase-functions": "^5.0.0",
    "grammy": "^1.23.1",
    "nodemon": "^3.1.1"
  },
  "devDependencies": {
    "firebase-functions-test": "^3.1.0"
  }
}
[debug] [2024-05-31T11:12:23.186Z] Building nodejs source
[debug] [2024-05-31T11:12:23.186Z] Failed to find version of module node: reached end of search path /Users/marharyta.hrinchenko/Documents/cycle-bot/node_modules
[warn] ⚠  functions: Your requested "node" version "18" doesn't match your global version "21". Using node@21 from host. 
[info] i  functions: Loaded environment variables from .env. 
[debug] [2024-05-31T11:12:23.187Z] Could not find functions.yaml. Must use http discovery
[debug] [2024-05-31T11:12:23.188Z] Found firebase-functions binary at '/Users/marharyta.hrinchenko/Documents/cycle-bot/node_modules/.bin/firebase-functions'
[info] Serving at port 8477

[debug] [2024-05-31T11:12:23.741Z] Got response from /__/functions.yaml {"endpoints":{"startBot":{"platform":"gcfv1","availableMemoryMb":null,"timeoutSeconds":null,"minInstances":null,"maxInstances":null,"ingressSettings":null,"serviceAccountEmail":null,"vpc":null,"httpsTrigger":{},"entryPoint":"startBot"}},"specVersion":"v1alpha1","requiredAPIs":[]}
[error] (node:97716) [DEP0040] DeprecationWarning: The `punycode` module is deprecated. Please use a userland alternative instead.
(Use `node --trace-deprecation ...` to show where the warning was created)

[info] ✔  functions: Loaded functions definitions from source: startBot. {"metadata":{"emulator":{"name":"functions"},"message":"Loaded functions definitions from source: startBot."}}
[debug] [2024-05-31T11:12:28.758Z] [worker-pool] Shutting down IDLE worker (us-central1-startBot) {"metadata":{"emulator":{"name":"functions"},"message":"[worker-pool] Shutting down IDLE worker (us-central1-startBot)"}}
[debug] [2024-05-31T11:12:28.758Z] [worker-us-central1-startBot-4d3bad97-e684-4924-86a1-65126c7ac490]: FINISHING {"metadata":{"emulator":{"name":"functions"},"function":{"name":"us-central1-startBot"},"extension":{},"message":"[worker-us-central1-startBot-4d3bad97-e684-4924-86a1-65126c7ac490]: FINISHING"}}
[debug] [2024-05-31T11:12:28.767Z] [worker-us-central1-startBot-4d3bad97-e684-4924-86a1-65126c7ac490]: exited {"metadata":{"emulator":{"name":"functions"},"function":{"name":"us-central1-startBot"},"extension":{},"message":"[worker-us-central1-startBot-4d3bad97-e684-4924-86a1-65126c7ac490]: exited"}}
[debug] [2024-05-31T11:12:28.767Z] [worker-us-central1-startBot-4d3bad97-e684-4924-86a1-65126c7ac490]: FINISHED {"metadata":{"emulator":{"name":"functions"},"function":{"name":"us-central1-startBot"},"extension":{},"message":"[worker-us-central1-startBot-4d3bad97-e684-4924-86a1-65126c7ac490]: FINISHED"}}
